2012/06/13 12:52:54 [error] [php] Trying to get property of non-object (/home/nebril/workspace/www/hairdresser/protected/modules/dresser/controllers/DefaultController.php:6)
Stack trace:
#0 /home/nebril/workspace/www/hairdresser/framework/web/CController.php(309): CInlineAction->runWithParams()
#1 /home/nebril/workspace/www/hairdresser/framework/web/CController.php(287): DefaultController->runAction()
#2 /home/nebril/workspace/www/hairdresser/framework/web/CController.php(266): DefaultController->runActionWithFilters()
#3 /home/nebril/workspace/www/hairdresser/framework/web/CWebApplication.php(276): DefaultController->run()
#4 /home/nebril/workspace/www/hairdresser/framework/web/CWebApplication.php(135): CWebApplication->runController()
#5 /home/nebril/workspace/www/hairdresser/framework/base/CApplication.php(162): CWebApplication->processRequest()
#6 /home/nebril/workspace/www/hairdresser/index.php(13): CWebApplication->run()
REQUEST_URI=/hairdresser/index.php/dresser
in /home/nebril/workspace/www/hairdresser/protected/modules/dresser/controllers/DefaultController.php (6)
in /home/nebril/workspace/www/hairdresser/protected/modules/dresser/controllers/DefaultController.php (14)
in /home/nebril/workspace/www/hairdresser/index.php (13)
2012/06/13 12:55:58 [error] [php] Trying to get property of non-object (/home/nebril/workspace/www/hairdresser/protected/modules/dresser/controllers/DefaultController.php:6)
Stack trace:
#0 /home/nebril/workspace/www/hairdresser/framework/web/CController.php(309): CInlineAction->runWithParams()
#1 /home/nebril/workspace/www/hairdresser/framework/web/CController.php(287): DefaultController->runAction()
#2 /home/nebril/workspace/www/hairdresser/framework/web/CController.php(266): DefaultController->runActionWithFilters()
#3 /home/nebril/workspace/www/hairdresser/framework/web/CWebApplication.php(276): DefaultController->run()
#4 /home/nebril/workspace/www/hairdresser/framework/web/CWebApplication.php(135): CWebApplication->runController()
#5 /home/nebril/workspace/www/hairdresser/framework/base/CApplication.php(162): CWebApplication->processRequest()
#6 /home/nebril/workspace/www/hairdresser/index.php(13): CWebApplication->run()
REQUEST_URI=/hairdresser/index.php/dresser
in /home/nebril/workspace/www/hairdresser/protected/modules/dresser/controllers/DefaultController.php (6)
in /home/nebril/workspace/www/hairdresser/protected/modules/dresser/controllers/DefaultController.php (14)
in /home/nebril/workspace/www/hairdresser/index.php (13)
2012/06/13 12:59:25 [error] [exception.CHttpException.403] exception 'CHttpException' with message 'You're not a hairdresser' in /home/nebril/workspace/www/hairdresser/protected/modules/dresser/controllers/DefaultController.php:7
Stack trace:
#0 /home/nebril/workspace/www/hairdresser/protected/modules/dresser/controllers/DefaultController.php(14): DefaultController->filterDresser()
#1 /home/nebril/workspace/www/hairdresser/framework/web/actions/CInlineAction.php(50): DefaultController->actionIndex()
#2 /home/nebril/workspace/www/hairdresser/framework/web/CController.php(309): CInlineAction->runWithParams(Array)
#3 /home/nebril/workspace/www/hairdresser/framework/web/CController.php(287): CController->runAction(Object(CInlineAction))
#4 /home/nebril/workspace/www/hairdresser/framework/web/CController.php(266): CController->runActionWithFilters(Object(CInlineAction), Array)
#5 /home/nebril/workspace/www/hairdresser/framework/web/CWebApplication.php(276): CController->run('')
#6 /home/nebril/workspace/www/hairdresser/framework/web/CWebApplication.php(135): CWebApplication->runController('dresser')
#7 /home/nebril/workspace/www/hairdresser/framework/base/CApplication.php(162): CWebApplication->processRequest()
#8 /home/nebril/workspace/www/hairdresser/index.php(13): CApplication->run()
#9 {main}
REQUEST_URI=/hairdresser/index.php/dresser
---
